2016-06-08 13:12:18 startup archives unpack
2016-06-08 13:12:18 install libopts25:amd64 <ninguna> 1:5.18.4-3
2016-06-08 13:12:18 status half-installed libopts25:amd64 1:5.18.4-3
2016-06-08 13:12:18 status unpacked libopts25:amd64 1:5.18.4-3
2016-06-08 13:12:18 status unpacked libopts25:amd64 1:5.18.4-3
2016-06-08 13:12:18 install ntp:amd64 <ninguna> 1:4.2.6.p5+dfsg-7+deb8u1
2016-06-08 13:12:18 status half-installed ntp:amd64 1:4.2.6.p5+dfsg-7+deb8u1
2016-06-08 13:12:19 status triggers-pending man-db:amd64 2.7.0.2-5
2016-06-08 13:12:19 status triggers-pending systemd:amd64 215-17+deb8u4
2016-06-08 13:12:19 status unpacked ntp:amd64 1:4.2.6.p5+dfsg-7+deb8u1
2016-06-08 13:12:19 status unpacked ntp:amd64 1:4.2.6.p5+dfsg-7+deb8u1
2016-06-08 13:12:19 trigproc man-db:amd64 2.7.0.2-5 <ninguna>
2016-06-08 13:12:19 status half-configured man-db:amd64 2.7.0.2-5
2016-06-08 13:12:19 status installed man-db:amd64 2.7.0.2-5
2016-06-08 13:12:19 trigproc systemd:amd64 215-17+deb8u4 <ninguna>
2016-06-08 13:12:19 status half-configured systemd:amd64 215-17+deb8u4
2016-06-08 13:12:19 status installed systemd:amd64 215-17+deb8u4
2016-06-08 13:12:19 startup packages configure
2016-06-08 13:12:19 configure libopts25:amd64 1:5.18.4-3 <ninguna>
2016-06-08 13:12:19 status unpacked libopts25:amd64 1:5.18.4-3
2016-06-08 13:12:19 status half-configured libopts25:amd64 1:5.18.4-3
2016-06-08 13:12:19 status installed libopts25:amd64 1:5.18.4-3
2016-06-08 13:12:19 status triggers-pending libc-bin:amd64 2.19-18+deb8u4
2016-06-08 13:12:19 configure ntp:amd64 1:4.2.6.p5+dfsg-7+deb8u1 <ninguna>
2016-06-08 13:12:19 status unpacked ntp:amd64 1:4.2.6.p5+dfsg-7+deb8u1
2016-06-08 13:12:19 status unpacked ntp:amd64 1:4.2.6.p5+dfsg-7+deb8u1
2016-06-08 13:12:19 status unpacked ntp:amd64 1:4.2.6.p5+dfsg-7+deb8u1
2016-06-08 13:12:19 status unpacked ntp:amd64 1:4.2.6.p5+dfsg-7+deb8u1
2016-06-08 13:12:19 status triggers-pending systemd:amd64 215-17+deb8u4
2016-06-08 13:12:20 status unpacked ntp:amd64 1:4.2.6.p5+dfsg-7+deb8u1
2016-06-08 13:12:20 status unpacked ntp:amd64 1:4.2.6.p5+dfsg-7+deb8u1
2016-06-08 13:12:20 status half-configured ntp:amd64 1:4.2.6.p5+dfsg-7+deb8u1
2016-06-08 13:12:20 status installed ntp:amd64 1:4.2.6.p5+dfsg-7+deb8u1
2016-06-08 13:12:20 trigproc libc-bin:amd64 2.19-18+deb8u4 <ninguna>
2016-06-08 13:12:20 status half-configured libc-bin:amd64 2.19-18+deb8u4
2016-06-08 13:12:20 status installed libc-bin:amd64 2.19-18+deb8u4
2016-06-08 13:12:20 trigproc systemd:amd64 215-17+deb8u4 <ninguna>
2016-06-08 13:12:20 status half-configured systemd:amd64 215-17+deb8u4
2016-06-08 13:12:20 status installed systemd:amd64 215-17+deb8u4
2016-06-08 13:12:20 startup packages configure
2016-06-08 20:27:53 startup archives unpack
2016-06-08 20:27:53 install libjemalloc1:amd64 <ninguna> 3.6.0-3
2016-06-08 20:27:53 status half-installed libjemalloc1:amd64 3.6.0-3
2016-06-08 20:27:53 status unpacked libjemalloc1:amd64 3.6.0-3
2016-06-08 20:27:53 status unpacked libjemalloc1:amd64 3.6.0-3
2016-06-08 20:27:53 install redis-tools:amd64 <ninguna> 2:2.8.17-1+deb8u3
2016-06-08 20:27:53 status half-installed redis-tools:amd64 2:2.8.17-1+deb8u3
2016-06-08 20:27:53 status triggers-pending man-db:amd64 2.7.0.2-5
2016-06-08 20:27:53 status unpacked redis-tools:amd64 2:2.8.17-1+deb8u3
2016-06-08 20:27:53 status unpacked redis-tools:amd64 2:2.8.17-1+deb8u3
2016-06-08 20:27:53 install redis-server:amd64 <ninguna> 2:2.8.17-1+deb8u3
2016-06-08 20:27:53 status half-installed redis-server:amd64 2:2.8.17-1+deb8u3
2016-06-08 20:27:53 status triggers-pending systemd:amd64 215-17+deb8u4
2016-06-08 20:27:53 status unpacked redis-server:amd64 2:2.8.17-1+deb8u3
2016-06-08 20:27:53 status unpacked redis-server:amd64 2:2.8.17-1+deb8u3
2016-06-08 20:27:53 trigproc man-db:amd64 2.7.0.2-5 <ninguna>
2016-06-08 20:27:53 status half-configured man-db:amd64 2.7.0.2-5
2016-06-08 20:27:54 status installed man-db:amd64 2.7.0.2-5
2016-06-08 20:27:54 trigproc systemd:amd64 215-17+deb8u4 <ninguna>
2016-06-08 20:27:54 status half-configured systemd:amd64 215-17+deb8u4
2016-06-08 20:27:54 status installed systemd:amd64 215-17+deb8u4
2016-06-08 20:27:54 startup packages configure
2016-06-08 20:27:54 configure libjemalloc1:amd64 3.6.0-3 <ninguna>
2016-06-08 20:27:54 status unpacked libjemalloc1:amd64 3.6.0-3
2016-06-08 20:27:54 status half-configured libjemalloc1:amd64 3.6.0-3
2016-06-08 20:27:54 status installed libjemalloc1:amd64 3.6.0-3
2016-06-08 20:27:54 status triggers-pending libc-bin:amd64 2.19-18+deb8u4
2016-06-08 20:27:54 configure redis-tools:amd64 2:2.8.17-1+deb8u3 <ninguna>
2016-06-08 20:27:54 status unpacked redis-tools:amd64 2:2.8.17-1+deb8u3
2016-06-08 20:27:54 status unpacked redis-tools:amd64 2:2.8.17-1+deb8u3
2016-06-08 20:27:54 status half-configured redis-tools:amd64 2:2.8.17-1+deb8u3
2016-06-08 20:27:54 status installed redis-tools:amd64 2:2.8.17-1+deb8u3
2016-06-08 20:27:54 configure redis-server:amd64 2:2.8.17-1+deb8u3 <ninguna>
2016-06-08 20:27:54 status unpacked redis-server:amd64 2:2.8.17-1+deb8u3
2016-06-08 20:27:54 status unpacked redis-server:amd64 2:2.8.17-1+deb8u3
2016-06-08 20:27:54 status triggers-pending systemd:amd64 215-17+deb8u4
2016-06-08 20:27:54 status unpacked redis-server:amd64 2:2.8.17-1+deb8u3
2016-06-08 20:27:54 status unpacked redis-server:amd64 2:2.8.17-1+deb8u3
2016-06-08 20:27:54 status unpacked redis-server:amd64 2:2.8.17-1+deb8u3
2016-06-08 20:27:54 status unpacked redis-server:amd64 2:2.8.17-1+deb8u3
2016-06-08 20:27:54 status half-configured redis-server:amd64 2:2.8.17-1+deb8u3
2016-06-08 20:27:54 status installed redis-server:amd64 2:2.8.17-1+deb8u3
2016-06-08 20:27:54 trigproc libc-bin:amd64 2.19-18+deb8u4 <ninguna>
2016-06-08 20:27:54 status half-configured libc-bin:amd64 2.19-18+deb8u4
2016-06-08 20:27:54 status installed libc-bin:amd64 2.19-18+deb8u4
2016-06-08 20:27:54 trigproc systemd:amd64 215-17+deb8u4 <ninguna>
2016-06-08 20:27:54 status half-configured systemd:amd64 215-17+deb8u4
2016-06-08 20:27:54 status installed systemd:amd64 215-17+deb8u4
2016-06-08 20:27:54 startup packages configure
2016-06-08 20:30:14 startup archives unpack
2016-06-08 20:30:14 upgrade base-files:amd64 8+deb8u4 8+deb8u5
2016-06-08 20:30:14 status half-configured base-files:amd64 8+deb8u4
2016-06-08 20:30:14 status unpacked base-files:amd64 8+deb8u4
2016-06-08 20:30:14 status half-installed base-files:amd64 8+deb8u4
2016-06-08 20:30:14 status triggers-pending man-db:amd64 2.7.0.2-5
2016-06-08 20:30:14 status triggers-pending install-info:amd64 5.2.0.dfsg.1-6
2016-06-08 20:30:15 status half-installed base-files:amd64 8+deb8u4
2016-06-08 20:30:15 status unpacked base-files:amd64 8+deb8u5
2016-06-08 20:30:15 status unpacked base-files:amd64 8+deb8u5
2016-06-08 20:30:15 trigproc man-db:amd64 2.7.0.2-5 <ninguna>
2016-06-08 20:30:15 status half-configured man-db:amd64 2.7.0.2-5
2016-06-08 20:30:15 status installed man-db:amd64 2.7.0.2-5
2016-06-08 20:30:15 trigproc install-info:amd64 5.2.0.dfsg.1-6 <ninguna>
2016-06-08 20:30:15 status half-configured install-info:amd64 5.2.0.dfsg.1-6
2016-06-08 20:30:15 status installed install-info:amd64 5.2.0.dfsg.1-6
2016-06-08 20:30:15 startup packages configure
2016-06-08 20:30:15 configure base-files:amd64 8+deb8u5 <ninguna>
2016-06-08 20:30:15 status unpacked base-files:amd64 8+deb8u5
2016-06-08 20:30:15 status unpacked base-files:amd64 8+deb8u5
2016-06-08 20:30:15 status unpacked base-files:amd64 8+deb8u5
2016-06-08 20:30:15 status unpacked base-files:amd64 8+deb8u5
2016-06-08 20:30:15 status unpacked base-files:amd64 8+deb8u5
2016-06-08 20:30:15 status unpacked base-files:amd64 8+deb8u5
2016-06-08 20:30:15 status half-configured base-files:amd64 8+deb8u5
2016-06-08 20:30:15 status installed base-files:amd64 8+deb8u5
2016-06-08 20:30:15 startup archives unpack
2016-06-08 20:30:15 upgrade dpkg:amd64 1.17.26 1.17.27
2016-06-08 20:30:15 status half-configured dpkg:amd64 1.17.26
2016-06-08 20:30:15 status unpacked dpkg:amd64 1.17.26
2016-06-08 20:30:15 status half-installed dpkg:amd64 1.17.26
2016-06-08 20:30:15 status triggers-pending man-db:amd64 2.7.0.2-5
2016-06-08 20:30:16 status half-installed dpkg:amd64 1.17.26
2016-06-08 20:30:16 status unpacked dpkg:amd64 1.17.27
2016-06-08 20:30:16 status unpacked dpkg:amd64 1.17.27
2016-06-08 20:30:16 trigproc man-db:amd64 2.7.0.2-5 <ninguna>
2016-06-08 20:30:16 status half-configured man-db:amd64 2.7.0.2-5
2016-06-08 20:30:17 status installed man-db:amd64 2.7.0.2-5
2016-06-08 20:30:17 startup packages configure
2016-06-08 20:30:17 configure dpkg:amd64 1.17.27 <ninguna>
2016-06-08 20:30:17 status unpacked dpkg:amd64 1.17.27
2016-06-08 20:30:17 status unpacked dpkg:amd64 1.17.27
2016-06-08 20:30:17 status unpacked dpkg:amd64 1.17.27
2016-06-08 20:30:17 status unpacked dpkg:amd64 1.17.27
2016-06-08 20:30:17 status unpacked dpkg:amd64 1.17.27
2016-06-08 20:30:17 status half-configured dpkg:amd64 1.17.27
2016-06-08 20:30:17 status installed dpkg:amd64 1.17.27
2016-06-08 20:30:17 startup archives unpack
2016-06-08 20:30:17 upgrade perl:amd64 5.20.2-3+deb8u4 5.20.2-3+deb8u5
2016-06-08 20:30:17 status half-configured perl:amd64 5.20.2-3+deb8u4
2016-06-08 20:30:17 status unpacked perl:amd64 5.20.2-3+deb8u4
2016-06-08 20:30:17 status half-installed perl:amd64 5.20.2-3+deb8u4
2016-06-08 20:30:17 status triggers-pending man-db:amd64 2.7.0.2-5
2016-06-08 20:30:19 status half-installed perl:amd64 5.20.2-3+deb8u4
2016-06-08 20:30:19 status unpacked perl:amd64 5.20.2-3+deb8u5
2016-06-08 20:30:19 status unpacked perl:amd64 5.20.2-3+deb8u5
2016-06-08 20:30:19 upgrade libperl5.20:amd64 5.20.2-3+deb8u4 5.20.2-3+deb8u5
2016-06-08 20:30:19 status half-configured libperl5.20:amd64 5.20.2-3+deb8u4
2016-06-08 20:30:19 status unpacked libperl5.20:amd64 5.20.2-3+deb8u4
2016-06-08 20:30:19 status half-installed libperl5.20:amd64 5.20.2-3+deb8u4
2016-06-08 20:30:19 status half-installed libperl5.20:amd64 5.20.2-3+deb8u4
2016-06-08 20:30:19 status unpacked libperl5.20:amd64 5.20.2-3+deb8u5
2016-06-08 20:30:19 status unpacked libperl5.20:amd64 5.20.2-3+deb8u5
2016-06-08 20:30:19 upgrade perl-base:amd64 5.20.2-3+deb8u4 5.20.2-3+deb8u5
2016-06-08 20:30:19 status half-configured perl-base:amd64 5.20.2-3+deb8u4
2016-06-08 20:30:19 status unpacked perl-base:amd64 5.20.2-3+deb8u4
2016-06-08 20:30:19 status half-installed perl-base:amd64 5.20.2-3+deb8u4
2016-06-08 20:30:20 status half-installed perl-base:amd64 5.20.2-3+deb8u4
2016-06-08 20:30:20 status unpacked perl-base:amd64 5.20.2-3+deb8u5
2016-06-08 20:30:20 status unpacked perl-base:amd64 5.20.2-3+deb8u5
2016-06-08 20:30:20 trigproc man-db:amd64 2.7.0.2-5 <ninguna>
2016-06-08 20:30:20 status half-configured man-db:amd64 2.7.0.2-5
2016-06-08 20:30:21 status installed man-db:amd64 2.7.0.2-5
2016-06-08 20:30:21 startup packages configure
2016-06-08 20:30:21 configure perl-base:amd64 5.20.2-3+deb8u5 <ninguna>
2016-06-08 20:30:21 status unpacked perl-base:amd64 5.20.2-3+deb8u5
2016-06-08 20:30:21 status half-configured perl-base:amd64 5.20.2-3+deb8u5
2016-06-08 20:30:21 status installed perl-base:amd64 5.20.2-3+deb8u5
2016-06-08 20:30:21 startup archives unpack
2016-06-08 20:30:21 upgrade perl-modules:all 5.20.2-3+deb8u4 5.20.2-3+deb8u5
2016-06-08 20:30:21 status half-configured perl-modules:all 5.20.2-3+deb8u4
2016-06-08 20:30:21 status unpacked perl-modules:all 5.20.2-3+deb8u4
2016-06-08 20:30:21 status half-installed perl-modules:all 5.20.2-3+deb8u4
2016-06-08 20:30:23 status half-installed perl-modules:all 5.20.2-3+deb8u4
2016-06-08 20:30:23 status unpacked perl-modules:all 5.20.2-3+deb8u5
2016-06-08 20:30:23 status unpacked perl-modules:all 5.20.2-3+deb8u5
2016-06-08 20:30:23 upgrade dmsetup:amd64 2:1.02.90-2.2 2:1.02.90-2.2+deb8u1
2016-06-08 20:30:23 status half-configured dmsetup:amd64 2:1.02.90-2.2
2016-06-08 20:30:23 status unpacked dmsetup:amd64 2:1.02.90-2.2
2016-06-08 20:30:23 status half-installed dmsetup:amd64 2:1.02.90-2.2
2016-06-08 20:30:23 status triggers-pending man-db:amd64 2.7.0.2-5
2016-06-08 20:30:23 status half-installed dmsetup:amd64 2:1.02.90-2.2
2016-06-08 20:30:23 status unpacked dmsetup:amd64 2:1.02.90-2.2+deb8u1
2016-06-08 20:30:23 status unpacked dmsetup:amd64 2:1.02.90-2.2+deb8u1
2016-06-08 20:30:23 trigproc man-db:amd64 2.7.0.2-5 <ninguna>
2016-06-08 20:30:23 status half-configured man-db:amd64 2.7.0.2-5
2016-06-08 20:30:24 status installed man-db:amd64 2.7.0.2-5
2016-06-08 20:30:24 startup packages configure
2016-06-08 20:30:24 configure dmsetup:amd64 2:1.02.90-2.2+deb8u1 <ninguna>
2016-06-08 20:30:24 status unpacked dmsetup:amd64 2:1.02.90-2.2+deb8u1
2016-06-08 20:30:24 status half-configured dmsetup:amd64 2:1.02.90-2.2+deb8u1
2016-06-08 20:30:24 status installed dmsetup:amd64 2:1.02.90-2.2+deb8u1
2016-06-08 20:30:24 status triggers-pending initramfs-tools:all 0.120+deb8u1
2016-06-08 20:30:24 trigproc initramfs-tools:all 0.120+deb8u1 <ninguna>
2016-06-08 20:30:24 status half-configured initramfs-tools:all 0.120+deb8u1
2016-06-08 20:30:27 status installed initramfs-tools:all 0.120+deb8u1
2016-06-08 20:30:27 startup archives unpack
2016-06-08 20:30:27 upgrade libdevmapper1.02.1:amd64 2:1.02.90-2.2 2:1.02.90-2.2+deb8u1
2016-06-08 20:30:27 status half-configured libdevmapper1.02.1:amd64 2:1.02.90-2.2
2016-06-08 20:30:27 status unpacked libdevmapper1.02.1:amd64 2:1.02.90-2.2
2016-06-08 20:30:27 status half-installed libdevmapper1.02.1:amd64 2:1.02.90-2.2
2016-06-08 20:30:27 status half-installed libdevmapper1.02.1:amd64 2:1.02.90-2.2
2016-06-08 20:30:27 status unpacked libdevmapper1.02.1:amd64 2:1.02.90-2.2+deb8u1
2016-06-08 20:30:27 status unpacked libdevmapper1.02.1:amd64 2:1.02.90-2.2+deb8u1
2016-06-08 20:30:27 startup packages configure
2016-06-08 20:30:27 configure libdevmapper1.02.1:amd64 2:1.02.90-2.2+deb8u1 <ninguna>
2016-06-08 20:30:27 status unpacked libdevmapper1.02.1:amd64 2:1.02.90-2.2+deb8u1
2016-06-08 20:30:27 status half-configured libdevmapper1.02.1:amd64 2:1.02.90-2.2+deb8u1
2016-06-08 20:30:27 status installed libdevmapper1.02.1:amd64 2:1.02.90-2.2+deb8u1
2016-06-08 20:30:27 status triggers-pending libc-bin:amd64 2.19-18+deb8u4
2016-06-08 20:30:27 trigproc libc-bin:amd64 2.19-18+deb8u4 <ninguna>
2016-06-08 20:30:27 status half-configured libc-bin:amd64 2.19-18+deb8u4
2016-06-08 20:30:27 status installed libc-bin:amd64 2.19-18+deb8u4
2016-06-08 20:30:27 startup archives unpack
2016-06-08 20:30:27 upgrade libssl-doc:all 1.0.1k-3+deb8u5 1.0.1t-1+deb8u2
2016-06-08 20:30:27 status half-configured libssl-doc:all 1.0.1k-3+deb8u5
2016-06-08 20:30:27 status unpacked libssl-doc:all 1.0.1k-3+deb8u5
2016-06-08 20:30:27 status half-installed libssl-doc:all 1.0.1k-3+deb8u5
2016-06-08 20:30:27 status triggers-pending man-db:amd64 2.7.0.2-5
2016-06-08 20:30:28 status half-installed libssl-doc:all 1.0.1k-3+deb8u5
2016-06-08 20:30:28 status unpacked libssl-doc:all 1.0.1t-1+deb8u2
2016-06-08 20:30:28 status unpacked libssl-doc:all 1.0.1t-1+deb8u2
2016-06-08 20:30:28 upgrade libssl-dev:amd64 1.0.1k-3+deb8u5 1.0.1t-1+deb8u2
2016-06-08 20:30:28 status half-configured libssl-dev:amd64 1.0.1k-3+deb8u5
2016-06-08 20:30:28 status unpacked libssl-dev:amd64 1.0.1k-3+deb8u5
2016-06-08 20:30:28 status half-installed libssl-dev:amd64 1.0.1k-3+deb8u5
2016-06-08 20:30:29 status half-installed libssl-dev:amd64 1.0.1k-3+deb8u5
2016-06-08 20:30:29 status unpacked libssl-dev:amd64 1.0.1t-1+deb8u2
2016-06-08 20:30:29 status unpacked libssl-dev:amd64 1.0.1t-1+deb8u2
2016-06-08 20:30:29 upgrade libssl1.0.0:amd64 1.0.1k-3+deb8u5 1.0.1t-1+deb8u2
2016-06-08 20:30:29 status half-configured libssl1.0.0:amd64 1.0.1k-3+deb8u5
2016-06-08 20:30:29 status unpacked libssl1.0.0:amd64 1.0.1k-3+deb8u5
2016-06-08 20:30:29 status half-installed libssl1.0.0:amd64 1.0.1k-3+deb8u5
2016-06-08 20:30:29 status half-installed libssl1.0.0:amd64 1.0.1k-3+deb8u5
2016-06-08 20:30:29 status unpacked libssl1.0.0:amd64 1.0.1t-1+deb8u2
2016-06-08 20:30:29 status unpacked libssl1.0.0:amd64 1.0.1t-1+deb8u2
2016-06-08 20:30:29 upgrade libidn11:amd64 1.29-1+b2 1.29-1+deb8u1
2016-06-08 20:30:29 status half-configured libidn11:amd64 1.29-1+b2
2016-06-08 20:30:29 status unpacked libidn11:amd64 1.29-1+b2
2016-06-08 20:30:29 status half-installed libidn11:amd64 1.29-1+b2
2016-06-08 20:30:29 status half-installed libidn11:amd64 1.29-1+b2
2016-06-08 20:30:29 status unpacked libidn11:amd64 1.29-1+deb8u1
2016-06-08 20:30:29 status unpacked libidn11:amd64 1.29-1+deb8u1
2016-06-08 20:30:29 upgrade libtasn1-6:amd64 4.2-3+deb8u1 4.2-3+deb8u2
2016-06-08 20:30:29 status half-configured libtasn1-6:amd64 4.2-3+deb8u1
2016-06-08 20:30:29 status unpacked libtasn1-6:amd64 4.2-3+deb8u1
2016-06-08 20:30:29 status half-installed libtasn1-6:amd64 4.2-3+deb8u1
2016-06-08 20:30:29 status half-installed libtasn1-6:amd64 4.2-3+deb8u1
2016-06-08 20:30:29 status unpacked libtasn1-6:amd64 4.2-3+deb8u2
2016-06-08 20:30:29 status unpacked libtasn1-6:amd64 4.2-3+deb8u2
2016-06-08 20:30:29 upgrade libxml2:amd64 2.9.1+dfsg1-5+deb8u1 2.9.1+dfsg1-5+deb8u2
2016-06-08 20:30:29 status half-configured libxml2:amd64 2.9.1+dfsg1-5+deb8u1
2016-06-08 20:30:29 status unpacked libxml2:amd64 2.9.1+dfsg1-5+deb8u1
2016-06-08 20:30:29 status half-installed libxml2:amd64 2.9.1+dfsg1-5+deb8u1
2016-06-08 20:30:29 status half-installed libxml2:amd64 2.9.1+dfsg1-5+deb8u1
2016-06-08 20:30:29 status unpacked libxml2:amd64 2.9.1+dfsg1-5+deb8u2
2016-06-08 20:30:29 status unpacked libxml2:amd64 2.9.1+dfsg1-5+deb8u2
2016-06-08 20:30:29 upgrade libexpat1-dev:amd64 2.1.0-6+deb8u1 2.1.0-6+deb8u3
2016-06-08 20:30:29 status half-configured libexpat1-dev:amd64 2.1.0-6+deb8u1
2016-06-08 20:30:29 status unpacked libexpat1-dev:amd64 2.1.0-6+deb8u1
2016-06-08 20:30:29 status half-installed libexpat1-dev:amd64 2.1.0-6+deb8u1
2016-06-08 20:30:30 status half-installed libexpat1-dev:amd64 2.1.0-6+deb8u1
2016-06-08 20:30:30 status unpacked libexpat1-dev:amd64 2.1.0-6+deb8u3
2016-06-08 20:30:30 status unpacked libexpat1-dev:amd64 2.1.0-6+deb8u3
2016-06-08 20:30:30 upgrade libexpat1:amd64 2.1.0-6+deb8u1 2.1.0-6+deb8u3
2016-06-08 20:30:30 status half-configured libexpat1:amd64 2.1.0-6+deb8u1
2016-06-08 20:30:30 status unpacked libexpat1:amd64 2.1.0-6+deb8u1
2016-06-08 20:30:30 status half-installed libexpat1:amd64 2.1.0-6+deb8u1
2016-06-08 20:30:30 status half-installed libexpat1:amd64 2.1.0-6+deb8u1
2016-06-08 20:30:30 status unpacked libexpat1:amd64 2.1.0-6+deb8u3
2016-06-08 20:30:30 status unpacked libexpat1:amd64 2.1.0-6+deb8u3
2016-06-08 20:30:30 upgrade libgd-dev:amd64 2.1.0-5+deb8u1 2.1.0-5+deb8u3
2016-06-08 20:30:30 status half-configured libgd-dev:amd64 2.1.0-5+deb8u1
2016-06-08 20:30:30 status unpacked libgd-dev:amd64 2.1.0-5+deb8u1
2016-06-08 20:30:30 status half-installed libgd-dev:amd64 2.1.0-5+deb8u1
2016-06-08 20:30:30 status half-installed libgd-dev:amd64 2.1.0-5+deb8u1
2016-06-08 20:30:30 status unpacked libgd-dev:amd64 2.1.0-5+deb8u3
2016-06-08 20:30:30 status unpacked libgd-dev:amd64 2.1.0-5+deb8u3
2016-06-08 20:30:30 upgrade libgd2-xpm-dev:amd64 2.1.0-5+deb8u1 2.1.0-5+deb8u3
2016-06-08 20:30:30 status half-configured libgd2-xpm-dev:amd64 2.1.0-5+deb8u1
2016-06-08 20:30:30 status unpacked libgd2-xpm-dev:amd64 2.1.0-5+deb8u1
2016-06-08 20:30:30 status half-installed libgd2-xpm-dev:amd64 2.1.0-5+deb8u1
2016-06-08 20:30:30 status half-installed libgd2-xpm-dev:amd64 2.1.0-5+deb8u1
2016-06-08 20:30:30 status unpacked libgd2-xpm-dev:amd64 2.1.0-5+deb8u3
2016-06-08 20:30:30 status unpacked libgd2-xpm-dev:amd64 2.1.0-5+deb8u3
2016-06-08 20:30:30 upgrade libgd3:amd64 2.1.0-5+deb8u1 2.1.0-5+deb8u3
2016-06-08 20:30:30 status half-configured libgd3:amd64 2.1.0-5+deb8u1
2016-06-08 20:30:30 status unpacked libgd3:amd64 2.1.0-5+deb8u1
2016-06-08 20:30:30 status half-installed libgd3:amd64 2.1.0-5+deb8u1
2016-06-08 20:30:30 status half-installed libgd3:amd64 2.1.0-5+deb8u1
2016-06-08 20:30:30 status unpacked libgd3:amd64 2.1.0-5+deb8u3
2016-06-08 20:30:30 status unpacked libgd3:amd64 2.1.0-5+deb8u3
2016-06-08 20:30:30 upgrade libgdk-pixbuf2.0-0:amd64 2.31.1-2+deb8u4 2.31.1-2+deb8u5
2016-06-08 20:30:30 status half-configured libgdk-pixbuf2.0-0:amd64 2.31.1-2+deb8u4
2016-06-08 20:30:30 status unpacked libgdk-pixbuf2.0-0:amd64 2.31.1-2+deb8u4
2016-06-08 20:30:30 status half-installed libgdk-pixbuf2.0-0:amd64 2.31.1-2+deb8u4
2016-06-08 20:30:30 status half-installed libgdk-pixbuf2.0-0:amd64 2.31.1-2+deb8u4
2016-06-08 20:30:31 status unpacked libgdk-pixbuf2.0-0:amd64 2.31.1-2+deb8u5
2016-06-08 20:30:31 status unpacked libgdk-pixbuf2.0-0:amd64 2.31.1-2+deb8u5
2016-06-08 20:30:31 upgrade libgdk-pixbuf2.0-common:all 2.31.1-2+deb8u4 2.31.1-2+deb8u5
2016-06-08 20:30:31 status half-configured libgdk-pixbuf2.0-common:all 2.31.1-2+deb8u4
2016-06-08 20:30:31 status unpacked libgdk-pixbuf2.0-common:all 2.31.1-2+deb8u4
2016-06-08 20:30:31 status half-installed libgdk-pixbuf2.0-common:all 2.31.1-2+deb8u4
2016-06-08 20:30:31 status half-installed libgdk-pixbuf2.0-common:all 2.31.1-2+deb8u4
2016-06-08 20:30:31 status unpacked libgdk-pixbuf2.0-common:all 2.31.1-2+deb8u5
2016-06-08 20:30:31 status unpacked libgdk-pixbuf2.0-common:all 2.31.1-2+deb8u5
2016-06-08 20:30:31 upgrade libksba8:amd64 1.3.2-1 1.3.2-1+deb8u1
2016-06-08 20:30:31 status half-configured libksba8:amd64 1.3.2-1
2016-06-08 20:30:31 status unpacked libksba8:amd64 1.3.2-1
2016-06-08 20:30:31 status half-installed libksba8:amd64 1.3.2-1
2016-06-08 20:30:32 status half-installed libksba8:amd64 1.3.2-1
2016-06-08 20:30:32 status unpacked libksba8:amd64 1.3.2-1+deb8u1
2016-06-08 20:30:32 status unpacked libksba8:amd64 1.3.2-1+deb8u1
2016-06-08 20:30:32 upgrade tzdata:all 2016c-0+deb8u1 2016d-0+deb8u1
2016-06-08 20:30:32 status half-configured tzdata:all 2016c-0+deb8u1
2016-06-08 20:30:32 status unpacked tzdata:all 2016c-0+deb8u1
2016-06-08 20:30:32 status half-installed tzdata:all 2016c-0+deb8u1
2016-06-08 20:30:32 status half-installed tzdata:all 2016c-0+deb8u1
2016-06-08 20:30:32 status unpacked tzdata:all 2016d-0+deb8u1
2016-06-08 20:30:32 status unpacked tzdata:all 2016d-0+deb8u1
2016-06-08 20:30:32 trigproc man-db:amd64 2.7.0.2-5 <ninguna>
2016-06-08 20:30:32 status half-configured man-db:amd64 2.7.0.2-5
2016-06-08 20:30:34 status installed man-db:amd64 2.7.0.2-5
2016-06-08 20:30:34 startup packages configure
2016-06-08 20:30:34 configure tzdata:all 2016d-0+deb8u1 <ninguna>
2016-06-08 20:30:34 status unpacked tzdata:all 2016d-0+deb8u1
2016-06-08 20:30:34 status half-configured tzdata:all 2016d-0+deb8u1
2016-06-08 20:30:34 status installed tzdata:all 2016d-0+deb8u1
2016-06-08 20:30:34 startup archives unpack
2016-06-08 20:30:34 upgrade libxapian22:amd64 1.2.19-1 1.2.19-1+deb8u1
2016-06-08 20:30:34 status half-configured libxapian22:amd64 1.2.19-1
2016-06-08 20:30:34 status unpacked libxapian22:amd64 1.2.19-1
2016-06-08 20:30:34 status half-installed libxapian22:amd64 1.2.19-1
2016-06-08 20:30:34 status half-installed libxapian22:amd64 1.2.19-1
2016-06-08 20:30:34 status unpacked libxapian22:amd64 1.2.19-1+deb8u1
2016-06-08 20:30:34 status unpacked libxapian22:amd64 1.2.19-1+deb8u1
2016-06-08 20:30:34 upgrade initramfs-tools:all 0.120+deb8u1 0.120+deb8u2
2016-06-08 20:30:34 status half-configured initramfs-tools:all 0.120+deb8u1
2016-06-08 20:30:34 status unpacked initramfs-tools:all 0.120+deb8u1
2016-06-08 20:30:34 status half-installed initramfs-tools:all 0.120+deb8u1
2016-06-08 20:30:34 status triggers-pending man-db:amd64 2.7.0.2-5
2016-06-08 20:30:34 status half-installed initramfs-tools:all 0.120+deb8u1
2016-06-08 20:30:34 status unpacked initramfs-tools:all 0.120+deb8u2
2016-06-08 20:30:34 status unpacked initramfs-tools:all 0.120+deb8u2
2016-06-08 20:30:34 upgrade libxml2-utils:amd64 2.9.1+dfsg1-5+deb8u1 2.9.1+dfsg1-5+deb8u2
2016-06-08 20:30:34 status half-configured libxml2-utils:amd64 2.9.1+dfsg1-5+deb8u1
2016-06-08 20:30:34 status unpacked libxml2-utils:amd64 2.9.1+dfsg1-5+deb8u1
2016-06-08 20:30:34 status half-installed libxml2-utils:amd64 2.9.1+dfsg1-5+deb8u1
2016-06-08 20:30:34 status half-installed libxml2-utils:amd64 2.9.1+dfsg1-5+deb8u1
2016-06-08 20:30:34 status unpacked libxml2-utils:amd64 2.9.1+dfsg1-5+deb8u2
2016-06-08 20:30:34 status unpacked libxml2-utils:amd64 2.9.1+dfsg1-5+deb8u2
2016-06-08 20:30:34 upgrade openssl:amd64 1.0.1k-3+deb8u5 1.0.1t-1+deb8u2
2016-06-08 20:30:34 status half-configured openssl:amd64 1.0.1k-3+deb8u5
2016-06-08 20:30:34 status unpacked openssl:amd64 1.0.1k-3+deb8u5
2016-06-08 20:30:34 status half-installed openssl:amd64 1.0.1k-3+deb8u5
2016-06-08 20:30:35 status half-installed openssl:amd64 1.0.1k-3+deb8u5
2016-06-08 20:30:35 status unpacked openssl:amd64 1.0.1t-1+deb8u2
2016-06-08 20:30:35 status unpacked openssl:amd64 1.0.1t-1+deb8u2
2016-06-08 20:30:35 trigproc man-db:amd64 2.7.0.2-5 <ninguna>
2016-06-08 20:30:35 status half-configured man-db:amd64 2.7.0.2-5
2016-06-08 20:30:35 status installed man-db:amd64 2.7.0.2-5
2016-06-08 20:30:35 startup packages configure
2016-06-08 20:30:35 configure perl-modules:all 5.20.2-3+deb8u5 <ninguna>
2016-06-08 20:30:35 status unpacked perl-modules:all 5.20.2-3+deb8u5
2016-06-08 20:30:35 status unpacked perl-modules:all 5.20.2-3+deb8u5
2016-06-08 20:30:35 status half-configured perl-modules:all 5.20.2-3+deb8u5
2016-06-08 20:30:35 status installed perl-modules:all 5.20.2-3+deb8u5
2016-06-08 20:30:35 configure perl:amd64 5.20.2-3+deb8u5 <ninguna>
2016-06-08 20:30:35 status unpacked perl:amd64 5.20.2-3+deb8u5
2016-06-08 20:30:35 status half-configured perl:amd64 5.20.2-3+deb8u5
2016-06-08 20:30:35 status installed perl:amd64 5.20.2-3+deb8u5
2016-06-08 20:30:35 configure libperl5.20:amd64 5.20.2-3+deb8u5 <ninguna>
2016-06-08 20:30:35 status unpacked libperl5.20:amd64 5.20.2-3+deb8u5
2016-06-08 20:30:35 status half-configured libperl5.20:amd64 5.20.2-3+deb8u5
2016-06-08 20:30:35 status installed libperl5.20:amd64 5.20.2-3+deb8u5
2016-06-08 20:30:35 status triggers-pending libc-bin:amd64 2.19-18+deb8u4
2016-06-08 20:30:35 configure libssl-doc:all 1.0.1t-1+deb8u2 <ninguna>
2016-06-08 20:30:35 status unpacked libssl-doc:all 1.0.1t-1+deb8u2
2016-06-08 20:30:35 status half-configured libssl-doc:all 1.0.1t-1+deb8u2
2016-06-08 20:30:35 status installed libssl-doc:all 1.0.1t-1+deb8u2
2016-06-08 20:30:35 configure libssl1.0.0:amd64 1.0.1t-1+deb8u2 <ninguna>
2016-06-08 20:30:35 status unpacked libssl1.0.0:amd64 1.0.1t-1+deb8u2
2016-06-08 20:30:35 status half-configured libssl1.0.0:amd64 1.0.1t-1+deb8u2
2016-06-08 20:30:35 status installed libssl1.0.0:amd64 1.0.1t-1+deb8u2
2016-06-08 20:30:35 configure libssl-dev:amd64 1.0.1t-1+deb8u2 <ninguna>
2016-06-08 20:30:35 status unpacked libssl-dev:amd64 1.0.1t-1+deb8u2
2016-06-08 20:30:35 status half-configured libssl-dev:amd64 1.0.1t-1+deb8u2
2016-06-08 20:30:35 status installed libssl-dev:amd64 1.0.1t-1+deb8u2
2016-06-08 20:30:35 configure libidn11:amd64 1.29-1+deb8u1 <ninguna>
2016-06-08 20:30:35 status unpacked libidn11:amd64 1.29-1+deb8u1
2016-06-08 20:30:35 status half-configured libidn11:amd64 1.29-1+deb8u1
2016-06-08 20:30:35 status installed libidn11:amd64 1.29-1+deb8u1
2016-06-08 20:30:35 configure libtasn1-6:amd64 4.2-3+deb8u2 <ninguna>
2016-06-08 20:30:35 status unpacked libtasn1-6:amd64 4.2-3+deb8u2
2016-06-08 20:30:35 status half-configured libtasn1-6:amd64 4.2-3+deb8u2
2016-06-08 20:30:35 status installed libtasn1-6:amd64 4.2-3+deb8u2
2016-06-08 20:30:35 configure libxml2:amd64 2.9.1+dfsg1-5+deb8u2 <ninguna>
2016-06-08 20:30:35 status unpacked libxml2:amd64 2.9.1+dfsg1-5+deb8u2
2016-06-08 20:30:35 status half-configured libxml2:amd64 2.9.1+dfsg1-5+deb8u2
2016-06-08 20:30:35 status installed libxml2:amd64 2.9.1+dfsg1-5+deb8u2
2016-06-08 20:30:36 configure libexpat1:amd64 2.1.0-6+deb8u3 <ninguna>
2016-06-08 20:30:36 status unpacked libexpat1:amd64 2.1.0-6+deb8u3
2016-06-08 20:30:36 status half-configured libexpat1:amd64 2.1.0-6+deb8u3
2016-06-08 20:30:36 status installed libexpat1:amd64 2.1.0-6+deb8u3
2016-06-08 20:30:36 configure libexpat1-dev:amd64 2.1.0-6+deb8u3 <ninguna>
2016-06-08 20:30:36 status unpacked libexpat1-dev:amd64 2.1.0-6+deb8u3
2016-06-08 20:30:36 status half-configured libexpat1-dev:amd64 2.1.0-6+deb8u3
2016-06-08 20:30:36 status installed libexpat1-dev:amd64 2.1.0-6+deb8u3
2016-06-08 20:30:36 configure libgd3:amd64 2.1.0-5+deb8u3 <ninguna>
2016-06-08 20:30:36 status unpacked libgd3:amd64 2.1.0-5+deb8u3
2016-06-08 20:30:36 status half-configured libgd3:amd64 2.1.0-5+deb8u3
2016-06-08 20:30:36 status installed libgd3:amd64 2.1.0-5+deb8u3
2016-06-08 20:30:36 configure libgd-dev:amd64 2.1.0-5+deb8u3 <ninguna>
2016-06-08 20:30:36 status unpacked libgd-dev:amd64 2.1.0-5+deb8u3
2016-06-08 20:30:36 status half-configured libgd-dev:amd64 2.1.0-5+deb8u3
2016-06-08 20:30:36 status installed libgd-dev:amd64 2.1.0-5+deb8u3
2016-06-08 20:30:36 configure libgd2-xpm-dev:amd64 2.1.0-5+deb8u3 <ninguna>
2016-06-08 20:30:36 status unpacked libgd2-xpm-dev:amd64 2.1.0-5+deb8u3
2016-06-08 20:30:36 status half-configured libgd2-xpm-dev:amd64 2.1.0-5+deb8u3
2016-06-08 20:30:36 status installed libgd2-xpm-dev:amd64 2.1.0-5+deb8u3
2016-06-08 20:30:36 configure libgdk-pixbuf2.0-common:all 2.31.1-2+deb8u5 <ninguna>
2016-06-08 20:30:36 status unpacked libgdk-pixbuf2.0-common:all 2.31.1-2+deb8u5
2016-06-08 20:30:36 status half-configured libgdk-pixbuf2.0-common:all 2.31.1-2+deb8u5
2016-06-08 20:30:36 status installed libgdk-pixbuf2.0-common:all 2.31.1-2+deb8u5
2016-06-08 20:30:36 configure libgdk-pixbuf2.0-0:amd64 2.31.1-2+deb8u5 <ninguna>
2016-06-08 20:30:36 status unpacked libgdk-pixbuf2.0-0:amd64 2.31.1-2+deb8u5
2016-06-08 20:30:36 status half-configured libgdk-pixbuf2.0-0:amd64 2.31.1-2+deb8u5
2016-06-08 20:30:36 status installed libgdk-pixbuf2.0-0:amd64 2.31.1-2+deb8u5
2016-06-08 20:30:36 configure libksba8:amd64 1.3.2-1+deb8u1 <ninguna>
2016-06-08 20:30:36 status unpacked libksba8:amd64 1.3.2-1+deb8u1
2016-06-08 20:30:36 status half-configured libksba8:amd64 1.3.2-1+deb8u1
2016-06-08 20:30:36 status installed libksba8:amd64 1.3.2-1+deb8u1
2016-06-08 20:30:36 configure libxapian22:amd64 1.2.19-1+deb8u1 <ninguna>
2016-06-08 20:30:36 status unpacked libxapian22:amd64 1.2.19-1+deb8u1
2016-06-08 20:30:36 status half-configured libxapian22:amd64 1.2.19-1+deb8u1
2016-06-08 20:30:36 status installed libxapian22:amd64 1.2.19-1+deb8u1
2016-06-08 20:30:36 configure initramfs-tools:all 0.120+deb8u2 <ninguna>
2016-06-08 20:30:36 status unpacked initramfs-tools:all 0.120+deb8u2
2016-06-08 20:30:36 status unpacked initramfs-tools:all 0.120+deb8u2
2016-06-08 20:30:36 status unpacked initramfs-tools:all 0.120+deb8u2
2016-06-08 20:30:36 status unpacked initramfs-tools:all 0.120+deb8u2
2016-06-08 20:30:36 status unpacked initramfs-tools:all 0.120+deb8u2
2016-06-08 20:30:36 status unpacked initramfs-tools:all 0.120+deb8u2
2016-06-08 20:30:36 status half-configured initramfs-tools:all 0.120+deb8u2
2016-06-08 20:30:36 status installed initramfs-tools:all 0.120+deb8u2
2016-06-08 20:30:36 status triggers-pending initramfs-tools:all 0.120+deb8u2
2016-06-08 20:30:36 configure libxml2-utils:amd64 2.9.1+dfsg1-5+deb8u2 <ninguna>
2016-06-08 20:30:36 status unpacked libxml2-utils:amd64 2.9.1+dfsg1-5+deb8u2
2016-06-08 20:30:36 status half-configured libxml2-utils:amd64 2.9.1+dfsg1-5+deb8u2
2016-06-08 20:30:36 status installed libxml2-utils:amd64 2.9.1+dfsg1-5+deb8u2
2016-06-08 20:30:36 configure openssl:amd64 1.0.1t-1+deb8u2 <ninguna>
2016-06-08 20:30:36 status unpacked openssl:amd64 1.0.1t-1+deb8u2
2016-06-08 20:30:36 status unpacked openssl:amd64 1.0.1t-1+deb8u2
2016-06-08 20:30:36 status half-configured openssl:amd64 1.0.1t-1+deb8u2
2016-06-08 20:30:36 status installed openssl:amd64 1.0.1t-1+deb8u2
2016-06-08 20:30:36 trigproc libc-bin:amd64 2.19-18+deb8u4 <ninguna>
2016-06-08 20:30:36 status half-configured libc-bin:amd64 2.19-18+deb8u4
2016-06-08 20:30:36 status installed libc-bin:amd64 2.19-18+deb8u4
2016-06-08 20:30:36 trigproc initramfs-tools:all 0.120+deb8u2 <ninguna>
2016-06-08 20:30:36 status half-configured initramfs-tools:all 0.120+deb8u2
2016-06-08 20:30:39 status installed initramfs-tools:all 0.120+deb8u2
2016-06-08 20:30:39 startup packages configure
2016-06-08 23:54:41 startup archives unpack
2016-06-08 23:54:42 install mysql-common:all <ninguna> 5.5.49-0+deb8u1
2016-06-08 23:54:42 status half-installed mysql-common:all 5.5.49-0+deb8u1
2016-06-08 23:54:42 status unpacked mysql-common:all 5.5.49-0+deb8u1
2016-06-08 23:54:42 status unpacked mysql-common:all 5.5.49-0+deb8u1
2016-06-08 23:54:42 install libmysqlclient18:amd64 <ninguna> 5.5.49-0+deb8u1
2016-06-08 23:54:42 status half-installed libmysqlclient18:amd64 5.5.49-0+deb8u1
2016-06-08 23:54:42 status unpacked libmysqlclient18:amd64 5.5.49-0+deb8u1
2016-06-08 23:54:42 status unpacked libmysqlclient18:amd64 5.5.49-0+deb8u1
2016-06-08 23:54:42 install libdbi-perl:amd64 <ninguna> 1.631-3+b1
2016-06-08 23:54:42 status half-installed libdbi-perl:amd64 1.631-3+b1
2016-06-08 23:54:42 status triggers-pending man-db:amd64 2.7.0.2-5
2016-06-08 23:54:43 status unpacked libdbi-perl:amd64 1.631-3+b1
2016-06-08 23:54:43 status unpacked libdbi-perl:amd64 1.631-3+b1
2016-06-08 23:54:43 install libdbd-mysql-perl:amd64 <ninguna> 4.028-2+b1
2016-06-08 23:54:43 status half-installed libdbd-mysql-perl:amd64 4.028-2+b1
2016-06-08 23:54:43 status unpacked libdbd-mysql-perl:amd64 4.028-2+b1
2016-06-08 23:54:43 status unpacked libdbd-mysql-perl:amd64 4.028-2+b1
2016-06-08 23:54:43 install libterm-readkey-perl:amd64 <ninguna> 2.32-1+b1
2016-06-08 23:54:43 status half-installed libterm-readkey-perl:amd64 2.32-1+b1
2016-06-08 23:54:43 status unpacked libterm-readkey-perl:amd64 2.32-1+b1
2016-06-08 23:54:43 status unpacked libterm-readkey-perl:amd64 2.32-1+b1
2016-06-08 23:54:43 install mysql-client-5.5:amd64 <ninguna> 5.5.49-0+deb8u1
2016-06-08 23:54:43 status half-installed mysql-client-5.5:amd64 5.5.49-0+deb8u1
2016-06-08 23:54:43 status unpacked mysql-client-5.5:amd64 5.5.49-0+deb8u1
2016-06-08 23:54:43 status unpacked mysql-client-5.5:amd64 5.5.49-0+deb8u1
2016-06-08 23:54:43 install mysql-client:all <ninguna> 5.5.49-0+deb8u1
2016-06-08 23:54:43 status half-installed mysql-client:all 5.5.49-0+deb8u1
2016-06-08 23:54:43 status unpacked mysql-client:all 5.5.49-0+deb8u1
2016-06-08 23:54:43 status unpacked mysql-client:all 5.5.49-0+deb8u1
2016-06-08 23:54:43 trigproc man-db:amd64 2.7.0.2-5 <ninguna>
2016-06-08 23:54:43 status half-configured man-db:amd64 2.7.0.2-5
2016-06-08 23:54:44 status installed man-db:amd64 2.7.0.2-5
2016-06-08 23:54:45 startup packages configure
2016-06-08 23:54:45 configure mysql-common:all 5.5.49-0+deb8u1 <ninguna>
2016-06-08 23:54:45 status unpacked mysql-common:all 5.5.49-0+deb8u1
2016-06-08 23:54:45 status unpacked mysql-common:all 5.5.49-0+deb8u1
2016-06-08 23:54:45 status unpacked mysql-common:all 5.5.49-0+deb8u1
2016-06-08 23:54:45 status half-configured mysql-common:all 5.5.49-0+deb8u1
2016-06-08 23:54:45 status installed mysql-common:all 5.5.49-0+deb8u1
2016-06-08 23:54:45 configure libmysqlclient18:amd64 5.5.49-0+deb8u1 <ninguna>
2016-06-08 23:54:45 status unpacked libmysqlclient18:amd64 5.5.49-0+deb8u1
2016-06-08 23:54:45 status half-configured libmysqlclient18:amd64 5.5.49-0+deb8u1
2016-06-08 23:54:45 status installed libmysqlclient18:amd64 5.5.49-0+deb8u1
2016-06-08 23:54:45 status triggers-pending libc-bin:amd64 2.19-18+deb8u4
2016-06-08 23:54:45 configure libdbi-perl:amd64 1.631-3+b1 <ninguna>
2016-06-08 23:54:45 status unpacked libdbi-perl:amd64 1.631-3+b1
2016-06-08 23:54:45 status half-configured libdbi-perl:amd64 1.631-3+b1
2016-06-08 23:54:45 status installed libdbi-perl:amd64 1.631-3+b1
2016-06-08 23:54:45 configure libdbd-mysql-perl:amd64 4.028-2+b1 <ninguna>
2016-06-08 23:54:45 status unpacked libdbd-mysql-perl:amd64 4.028-2+b1
2016-06-08 23:54:45 status half-configured libdbd-mysql-perl:amd64 4.028-2+b1
2016-06-08 23:54:45 status installed libdbd-mysql-perl:amd64 4.028-2+b1
2016-06-08 23:54:45 configure libterm-readkey-perl:amd64 2.32-1+b1 <ninguna>
2016-06-08 23:54:45 status unpacked libterm-readkey-perl:amd64 2.32-1+b1
2016-06-08 23:54:45 status half-configured libterm-readkey-perl:amd64 2.32-1+b1
2016-06-08 23:54:45 status installed libterm-readkey-perl:amd64 2.32-1+b1
2016-06-08 23:54:45 configure mysql-client-5.5:amd64 5.5.49-0+deb8u1 <ninguna>
2016-06-08 23:54:45 status unpacked mysql-client-5.5:amd64 5.5.49-0+deb8u1
2016-06-08 23:54:45 status half-configured mysql-client-5.5:amd64 5.5.49-0+deb8u1
2016-06-08 23:54:45 status installed mysql-client-5.5:amd64 5.5.49-0+deb8u1
2016-06-08 23:54:45 configure mysql-client:all 5.5.49-0+deb8u1 <ninguna>
2016-06-08 23:54:45 status unpacked mysql-client:all 5.5.49-0+deb8u1
2016-06-08 23:54:45 status half-configured mysql-client:all 5.5.49-0+deb8u1
2016-06-08 23:54:45 status installed mysql-client:all 5.5.49-0+deb8u1
2016-06-08 23:54:45 trigproc libc-bin:amd64 2.19-18+deb8u4 <ninguna>
2016-06-08 23:54:45 status half-configured libc-bin:amd64 2.19-18+deb8u4
2016-06-08 23:54:45 status installed libc-bin:amd64 2.19-18+deb8u4
2016-06-08 23:54:45 startup packages configure
2016-06-09 10:30:30 startup archives unpack
2016-06-09 10:30:31 install bind9utils:amd64 <ninguna> 1:9.9.5.dfsg-9+deb8u6
2016-06-09 10:30:31 status half-installed bind9utils:amd64 1:9.9.5.dfsg-9+deb8u6
2016-06-09 10:30:31 status triggers-pending man-db:amd64 2.7.0.2-5
2016-06-09 10:30:31 status unpacked bind9utils:amd64 1:9.9.5.dfsg-9+deb8u6
2016-06-09 10:30:31 status unpacked bind9utils:amd64 1:9.9.5.dfsg-9+deb8u6
2016-06-09 10:30:31 install bind9:amd64 <ninguna> 1:9.9.5.dfsg-9+deb8u6
2016-06-09 10:30:31 status half-installed bind9:amd64 1:9.9.5.dfsg-9+deb8u6
2016-06-09 10:30:31 status triggers-pending systemd:amd64 215-17+deb8u4
2016-06-09 10:30:31 status unpacked bind9:amd64 1:9.9.5.dfsg-9+deb8u6
2016-06-09 10:30:31 status unpacked bind9:amd64 1:9.9.5.dfsg-9+deb8u6
2016-06-09 10:30:31 trigproc man-db:amd64 2.7.0.2-5 <ninguna>
2016-06-09 10:30:31 status half-configured man-db:amd64 2.7.0.2-5
2016-06-09 10:30:32 status installed man-db:amd64 2.7.0.2-5
2016-06-09 10:30:32 trigproc systemd:amd64 215-17+deb8u4 <ninguna>
2016-06-09 10:30:32 status half-configured systemd:amd64 215-17+deb8u4
2016-06-09 10:30:32 status installed systemd:amd64 215-17+deb8u4
2016-06-09 10:30:32 startup packages configure
2016-06-09 10:30:32 configure bind9utils:amd64 1:9.9.5.dfsg-9+deb8u6 <ninguna>
2016-06-09 10:30:32 status unpacked bind9utils:amd64 1:9.9.5.dfsg-9+deb8u6
2016-06-09 10:30:32 status half-configured bind9utils:amd64 1:9.9.5.dfsg-9+deb8u6
2016-06-09 10:30:32 status installed bind9utils:amd64 1:9.9.5.dfsg-9+deb8u6
2016-06-09 10:30:32 configure bind9:amd64 1:9.9.5.dfsg-9+deb8u6 <ninguna>
2016-06-09 10:30:32 status unpacked bind9:amd64 1:9.9.5.dfsg-9+deb8u6
2016-06-09 10:30:32 status unpacked bind9:amd64 1:9.9.5.dfsg-9+deb8u6
2016-06-09 10:30:32 status unpacked bind9:amd64 1:9.9.5.dfsg-9+deb8u6
2016-06-09 10:30:32 status unpacked bind9:amd64 1:9.9.5.dfsg-9+deb8u6
2016-06-09 10:30:32 status unpacked bind9:amd64 1:9.9.5.dfsg-9+deb8u6
2016-06-09 10:30:32 status unpacked bind9:amd64 1:9.9.5.dfsg-9+deb8u6
2016-06-09 10:30:32 status unpacked bind9:amd64 1:9.9.5.dfsg-9+deb8u6
2016-06-09 10:30:32 status unpacked bind9:amd64 1:9.9.5.dfsg-9+deb8u6
2016-06-09 10:30:32 status unpacked bind9:amd64 1:9.9.5.dfsg-9+deb8u6
2016-06-09 10:30:32 status unpacked bind9:amd64 1:9.9.5.dfsg-9+deb8u6
2016-06-09 10:30:32 status unpacked bind9:amd64 1:9.9.5.dfsg-9+deb8u6
2016-06-09 10:30:32 status unpacked bind9:amd64 1:9.9.5.dfsg-9+deb8u6
2016-06-09 10:30:32 status unpacked bind9:amd64 1:9.9.5.dfsg-9+deb8u6
2016-06-09 10:30:32 status unpacked bind9:amd64 1:9.9.5.dfsg-9+deb8u6
2016-06-09 10:30:32 status triggers-pending systemd:amd64 215-17+deb8u4
2016-06-09 10:30:32 status unpacked bind9:amd64 1:9.9.5.dfsg-9+deb8u6
2016-06-09 10:30:32 status unpacked bind9:amd64 1:9.9.5.dfsg-9+deb8u6
2016-06-09 10:30:32 status unpacked bind9:amd64 1:9.9.5.dfsg-9+deb8u6
2016-06-09 10:30:32 status unpacked bind9:amd64 1:9.9.5.dfsg-9+deb8u6
2016-06-09 10:30:32 status unpacked bind9:amd64 1:9.9.5.dfsg-9+deb8u6
2016-06-09 10:30:32 status unpacked bind9:amd64 1:9.9.5.dfsg-9+deb8u6
2016-06-09 10:30:32 status half-configured bind9:amd64 1:9.9.5.dfsg-9+deb8u6
2016-06-09 10:30:33 status installed bind9:amd64 1:9.9.5.dfsg-9+deb8u6
2016-06-09 10:30:33 trigproc systemd:amd64 215-17+deb8u4 <ninguna>
2016-06-09 10:30:33 status half-configured systemd:amd64 215-17+deb8u4
2016-06-09 10:30:33 status installed systemd:amd64 215-17+deb8u4
2016-06-09 10:30:33 startup packages configure
