
Start-Date: 2016-06-08  13:12:18
Commandline: apt-get install ntp
Install: libopts25:amd64 (5.18.4-3, automatic), ntp:amd64 (4.2.6.p5+dfsg-7+deb8u1)
End-Date: 2016-06-08  13:12:20

Start-Date: 2016-06-08  20:27:53
Commandline: apt-get install redis-server
Install: redis-server:amd64 (2.8.17-1+deb8u3), libjemalloc1:amd64 (3.6.0-3, automatic), redis-tools:amd64 (2.8.17-1+deb8u3, automatic)
End-Date: 2016-06-08  20:27:54

Start-Date: 2016-06-08  20:30:14
Commandline: apt-get upgrade
Upgrade: libxapian22:amd64 (1.2.19-1, 1.2.19-1+deb8u1), perl:amd64 (5.20.2-3+deb8u4, 5.20.2-3+deb8u5), libssl1.0.0:amd64 (1.0.1k-3+deb8u5, 1.0.1t-1+deb8u2), perl-base:amd64 (5.20.2-3+deb8u4, 5.20.2-3+deb8u5), dpkg:amd64 (1.17.26, 1.17.27), dmsetup:amd64 (1.02.90-2.2, 1.02.90-2.2+deb8u1), libgdk-pixbuf2.0-common:amd64 (2.31.1-2+deb8u4, 2.31.1-2+deb8u5), libksba8:amd64 (1.3.2-1, 1.3.2-1+deb8u1), libgd-dev:amd64 (2.1.0-5+deb8u1, 2.1.0-5+deb8u3), libexpat1-dev:amd64 (2.1.0-6+deb8u1, 2.1.0-6+deb8u3), libidn11:amd64 (1.29-1+b2, 1.29-1+deb8u1), libperl5.20:amd64 (5.20.2-3+deb8u4, 5.20.2-3+deb8u5), base-files:amd64 (8+deb8u4, 8+deb8u5), libgd3:amd64 (2.1.0-5+deb8u1, 2.1.0-5+deb8u3), initramfs-tools:amd64 (0.120+deb8u1, 0.120+deb8u2), libxml2:amd64 (2.9.1+dfsg1-5+deb8u1, 2.9.1+dfsg1-5+deb8u2), perl-modules:amd64 (5.20.2-3+deb8u4, 5.20.2-3+deb8u5), libssl-dev:amd64 (1.0.1k-3+deb8u5, 1.0.1t-1+deb8u2), libdevmapper1.02.1:amd64 (1.02.90-2.2, 1.02.90-2.2+deb8u1), libssl-doc:amd64 (1.0.1k-3+deb8u5, 1.0.1t-1+deb8u2), libgdk-pixbuf2.0-0:amd64 (2.31.1-2+deb8u4, 2.31.1-2+deb8u5), libexpat1:amd64 (2.1.0-6+deb8u1, 2.1.0-6+deb8u3), tzdata:amd64 (2016c-0+deb8u1, 2016d-0+deb8u1), openssl:amd64 (1.0.1k-3+deb8u5, 1.0.1t-1+deb8u2), libtasn1-6:amd64 (4.2-3+deb8u1, 4.2-3+deb8u2), libxml2-utils:amd64 (2.9.1+dfsg1-5+deb8u1, 2.9.1+dfsg1-5+deb8u2), libgd2-xpm-dev:amd64 (2.1.0-5+deb8u1, 2.1.0-5+deb8u3)
End-Date: 2016-06-08  20:30:39

Start-Date: 2016-06-08  23:54:41
Commandline: apt-get install mysql-client
Install: mysql-client:amd64 (5.5.49-0+deb8u1), mysql-client-5.5:amd64 (5.5.49-0+deb8u1, automatic), libterm-readkey-perl:amd64 (2.32-1+b1, automatic), mysql-common:amd64 (5.5.49-0+deb8u1, automatic), libmysqlclient18:amd64 (5.5.49-0+deb8u1, automatic), libdbd-mysql-perl:amd64 (4.028-2+b1, automatic), libdbi-perl:amd64 (1.631-3+b1, automatic)
End-Date: 2016-06-08  23:54:45

Start-Date: 2016-06-09  10:30:30
Commandline: apt-get install bind9 bind9utils -y
Install: bind9:amd64 (9.9.5.dfsg-9+deb8u6), bind9utils:amd64 (9.9.5.dfsg-9+deb8u6)
End-Date: 2016-06-09  10:30:33
